[/bin/bash] #### Starting Python test
[/bin/bash] ## This is s3805352 on node001 and this job has the ID 2147236
[/bin/bash] ## current working directory: /home/s3805352/Desktop/AMUSE_project_YESSIR/AMUSE_project_YESSIR/src
[/bin/bash] ## Run script
7975.78734729 119636.810209
ready for evolution
Time 0.2 Myr
Time 0.4 Myr
Time 0.6 Myr
Time 0.8 Myr
Time 1.0 Myr
Time 1.2 Myr
Time 1.4 Myr
Time 1.6 Myr
Time 1.8 Myr
Time 2.0 Myr
Average mass of a SPH particle 0.06490870827977735.
Mean density of the moelcular cloud 6.63733446056e-20 m**-3 * kg
Starting with cluster velocity 20
cluster generated
Most massive star in cluster is  1.07993471348 MSun
Collision started on node001 at time 2023-12-12_23-00-30
Colliding with cluster velocity 19.9779247339
Largest sink radius 0.23229437725 parsec
Pre accretion cluster mass 72.4583907435 MSun
Sinks in progress at 0.05  Myr.
Post accretion cluster mass 72.4583907435 MSun
Largest sink radius 0.23229437725 parsec
Pre accretion cluster mass 72.4583907435 MSun
Sinks in progress at 0.1  Myr.
Post accretion cluster mass 72.4583907435 MSun
Largest sink radius 0.23229437725 parsec
Pre accretion cluster mass 72.4583907435 MSun
Sinks in progress at 0.15000000000000002  Myr.
Post accretion cluster mass 72.4583907435 MSun
Largest sink radius 0.23229437725 parsec
Pre accretion cluster mass 72.4583907435 MSun
Sinks in progress at 0.2  Myr.
Post accretion cluster mass 72.4583907435 MSun
Largest sink radius 0.23229437725 parsec
Pre accretion cluster mass 72.4583907435 MSun
Sinks in progress at 0.25  Myr.
Post accretion cluster mass 72.4583907435 MSun
Largest sink radius 0.23229437725 parsec
Pre accretion cluster mass 72.4583907435 MSun
Sinks in progress at 0.3  Myr.
Post accretion cluster mass 72.4583907435 MSun
Largest sink radius 0.23229437725 parsec
Pre accretion cluster mass 72.4583907435 MSun
Sinks in progress at 0.35  Myr.
Post accretion cluster mass 72.4583907435 MSun
Largest sink radius 0.23229437725 parsec
Pre accretion cluster mass 72.4583907435 MSun
Sinks in progress at 0.39999999999999997  Myr.
Post accretion cluster mass 72.4583907435 MSun
Largest sink radius 0.23229437725 parsec
Pre accretion cluster mass 72.4583907435 MSun
Sinks in progress at 0.44999999999999996  Myr.
Post accretion cluster mass 72.4583907435 MSun
Largest sink radius 0.23229437725 parsec
Pre accretion cluster mass 72.4583907435 MSun
Sinks in progress at 0.49999999999999994  Myr.
Post accretion cluster mass 72.4583907435 MSun
Largest sink radius 0.23229437725 parsec
Pre accretion cluster mass 72.4583907435 MSun
Sinks in progress at 0.5499999999999999  Myr.
Post accretion cluster mass 72.4583907435 MSun
Largest sink radius 0.23229437725 parsec
Pre accretion cluster mass 72.4583907435 MSun
Sinks in progress at 0.6  Myr.
Post accretion cluster mass 72.4583907435 MSun
Largest sink radius 0.23229437725 parsec
Pre accretion cluster mass 72.4583907435 MSun
Sinks in progress at 0.65  Myr.
Post accretion cluster mass 72.4583907435 MSun
Largest sink radius 0.23229437725 parsec
Pre accretion cluster mass 72.4583907435 MSun
Sinks in progress at 0.7000000000000001  Myr.
Post accretion cluster mass 72.4583907435 MSun
Largest sink radius 0.23229437725 parsec
Pre accretion cluster mass 72.4583907435 MSun
Sinks in progress at 0.7500000000000001  Myr.
Post accretion cluster mass 72.4583907435 MSun
Largest sink radius 0.23229437725 parsec
Pre accretion cluster mass 72.4583907435 MSun
Sinks in progress at 0.8000000000000002  Myr.
Post accretion cluster mass 72.4583907435 MSun
Largest sink radius 0.23229437725 parsec
Pre accretion cluster mass 72.4583907435 MSun
Sinks in progress at 0.8500000000000002  Myr.
Post accretion cluster mass 72.4583907435 MSun
Largest sink radius 0.23229437725 parsec
Pre accretion cluster mass 72.4583907435 MSun
Sinks in progress at 0.9000000000000002  Myr.
Post accretion cluster mass 72.4583907435 MSun
Largest sink radius 0.23229437725 parsec
Pre accretion cluster mass 72.4583907435 MSun
Sinks in progress at 0.9500000000000003  Myr.
Post accretion cluster mass 72.4583907435 MSun
Largest sink radius 0.23229437725 parsec
Pre accretion cluster mass 72.4583907435 MSun
Sinks in progress at 1.0000000000000002  Myr.
Post accretion cluster mass 72.4583907435 MSun
Largest sink radius 0.23229437725 parsec
Pre accretion cluster mass 72.4583907435 MSun
Sinks in progress at 1.0500000000000003  Myr.
Post accretion cluster mass 72.4583907435 MSun
Largest sink radius 0.23229437725 parsec
Pre accretion cluster mass 72.4583907435 MSun
Sinks in progress at 1.1000000000000003  Myr.
Traceback (most recent call last):
  File "/cm/shared/easybuild/GenuineIntel/software/AMUSE/2023.5.1/lib/python3.10/site-packages/amuse/support/core.py", line 518, in memof
    return memof.d[arg]
KeyError: (unit<none>, unit<MSun>)

During handling of the above exception, another exception occurred:

Traceback (most recent call last):
  File "/home/s3805352/Desktop/AMUSE_project_YESSIR/AMUSE_project_YESSIR/src/alice_convergence_test.py", line 60, in <module>
    post_collision_cluster = utils.let_them_collide_and_save(v,directory_path,tot_t,0.05,sinks,gravhydrobridge,channel,\
  File "/home/s3805352/Desktop/AMUSE_project_YESSIR/AMUSE_project_YESSIR/src/utils.py", line 253, in let_them_collide_and_save
    accrete_mass(sinks,particles_cloud,dt)
  File "/home/s3805352/Desktop/AMUSE_project_YESSIR/AMUSE_project_YESSIR/src/utils.py", line 119, in accrete_mass
    sinks[idx].mass += np.sum(dmass)
  File "/cm/shared/easybuild/GenuineIntel/software/AMUSE/2023.5.1/lib/python3.10/site-packages/amuse/units/quantities.py", line 112, in __add__
    factor = other.unit.conversion_factor_from(self.unit)
  File "/cm/shared/easybuild/GenuineIntel/software/AMUSE/2023.5.1/lib/python3.10/site-packages/amuse/support/core.py", line 520, in memof
    result=f(*arg)
  File "/cm/shared/easybuild/GenuineIntel/software/AMUSE/2023.5.1/lib/python3.10/site-packages/amuse/units/core.py", line 302, in conversion_factor_from
    raise IncompatibleUnitsException(x, self)
amuse.units.core.IncompatibleUnitsException: Cannot express none in MSun, the units do not have the same bases
[/bin/bash] ## Script finished
[/bin/bash] #### Finished Python test. Have a nice day
